nohup: ignoring input
[12/May/2025 05:40:57] "GET / HTTP/1.1" 200 1282
[12/May/2025 05:40:57] "GET /media/dinos/trex.jpg HTTP/1.1" 404 179
[12/May/2025 05:40:58] "GET /media/dinos/mosa.jpg HTTP/1.1" 404 179
[12/May/2025 05:41:06] "GET / HTTP/1.1" 200 1282
[12/May/2025 05:41:06] "GET /media/dinos/trex.jpg HTTP/1.1" 404 179
[12/May/2025 05:41:06] "GET /media/dinos/mosa.jpg HTTP/1.1" 404 179
[12/May/2025 05:41:09] "POST /agregar/2/ HTTP/1.1" 302 0
[12/May/2025 05:41:09] "GET / HTTP/1.1" 200 1365
[12/May/2025 05:41:09] "GET /media/dinos/trex.jpg HTTP/1.1" 404 179
[12/May/2025 05:41:09] "GET /media/dinos/mosa.jpg HTTP/1.1" 404 179
[12/May/2025 05:41:12] "GET /carrito/ HTTP/1.1" 200 1127
[12/May/2025 05:41:12] "GET / HTTP/1.1" 200 1282
[12/May/2025 05:41:12] "GET /media/dinos/trex.jpg HTTP/1.1" 404 179
[12/May/2025 05:41:12] "GET /media/dinos/mosa.jpg HTTP/1.1" 404 179
[12/May/2025 05:41:13] "GET / HTTP/1.1" 200 1282
[12/May/2025 05:41:13] "GET /media/dinos/trex.jpg HTTP/1.1" 404 179
[12/May/2025 05:41:13] "GET /media/dinos/mosa.jpg HTTP/1.1" 404 179
[12/May/2025 05:41:20] "POST /agregar/2/ HTTP/1.1" 302 0
[12/May/2025 05:41:20] "GET / HTTP/1.1" 200 1370
[12/May/2025 05:41:20] "GET /media/dinos/trex.jpg HTTP/1.1" 404 179
[12/May/2025 05:41:20] "GET /media/dinos/mosa.jpg HTTP/1.1" 404 179
[12/May/2025 05:41:21] "GET /carrito/ HTTP/1.1" 200 1639
[12/May/2025 05:41:30] "GET / HTTP/1.1" 200 1282
[12/May/2025 05:41:30] "GET /media/dinos/mosa.jpg HTTP/1.1" 404 179
[12/May/2025 05:41:30] "GET /media/dinos/trex.jpg HTTP/1.1" 404 179
[12/May/2025 05:41:32] "GET / HTTP/1.1" 200 1282
[12/May/2025 05:41:32] "GET /media/dinos/trex.jpg HTTP/1.1" 404 179
[12/May/2025 05:41:33] "GET /media/dinos/mosa.jpg HTTP/1.1" 404 179
[12/May/2025 05:41:35] "GET / HTTP/1.1" 200 1282
[12/May/2025 05:41:35] "GET /media/dinos/trex.jpg HTTP/1.1" 404 179
[12/May/2025 05:41:35] "GET /media/dinos/mosa.jpg HTTP/1.1" 404 179
[12/May/2025 05:41:36] "POST /agregar/2/ HTTP/1.1" 302 0
[12/May/2025 05:41:36] "GET / HTTP/1.1" 200 1370
[12/May/2025 05:41:36] "GET /media/dinos/trex.jpg HTTP/1.1" 404 179
[12/May/2025 05:41:36] "GET /media/dinos/mosa.jpg HTTP/1.1" 404 179
[12/May/2025 05:41:37] "POST /agregar/2/ HTTP/1.1" 302 0
[12/May/2025 05:41:37] "GET /carrito/ HTTP/1.1" 200 1639
[12/May/2025 05:41:37] "GET / HTTP/1.1" 200 1365
[12/May/2025 05:41:37] "GET /media/dinos/trex.jpg HTTP/1.1" 404 179
[12/May/2025 05:41:38] "GET /media/dinos/mosa.jpg HTTP/1.1" 404 179
[12/May/2025 05:41:38] "POST /agregar/2/ HTTP/1.1" 302 0
[12/May/2025 05:41:38] "GET / HTTP/1.1" 200 1365
[12/May/2025 05:41:38] "GET /media/dinos/trex.jpg HTTP/1.1" 404 179
[12/May/2025 05:41:38] "GET /media/dinos/mosa.jpg HTTP/1.1" 404 179
[12/May/2025 05:41:39] "GET /carrito/ HTTP/1.1" 200 1637
[12/May/2025 05:41:40] "GET /carrito/ HTTP/1.1" 200 1637
[12/May/2025 05:41:40] "POST /comprar/ HTTP/1.1" 302 0
[12/May/2025 05:41:41] "GET / HTTP/1.1" 200 1359
[12/May/2025 05:41:41] "GET /media/dinos/trex.jpg HTTP/1.1" 404 179
[12/May/2025 05:41:41] "GET /media/dinos/mosa.jpg HTTP/1.1" 404 179
[12/May/2025 05:41:41] "GET / HTTP/1.1" 200 1282
[12/May/2025 05:41:41] "GET /media/dinos/trex.jpg HTTP/1.1" 404 179
[12/May/2025 05:41:41] "GET /media/dinos/mosa.jpg HTTP/1.1" 404 179
[12/May/2025 05:41:43] "GET /carrito/ HTTP/1.1" 200 1127
[12/May/2025 05:41:45] "GET / HTTP/1.1" 200 1282
[12/May/2025 05:41:45] "GET /media/dinos/trex.jpg HTTP/1.1" 404 179
[12/May/2025 05:41:45] "GET /media/dinos/mosa.jpg HTTP/1.1" 404 179
[12/May/2025 05:41:45] "POST /comprar/ HTTP/1.1" 302 0
[12/May/2025 05:41:45] "GET / HTTP/1.1" 200 1359
[12/May/2025 05:41:45] "GET /media/dinos/trex.jpg HTTP/1.1" 404 179
[12/May/2025 05:41:45] "GET /media/dinos/mosa.jpg HTTP/1.1" 404 179
[12/May/2025 05:41:47] "POST /agregar/2/ HTTP/1.1" 302 0
[12/May/2025 05:41:47] "POST /agregar/2/ HTTP/1.1" 302 0
[12/May/2025 05:41:47] "POST /agregar/2/ HTTP/1.1" 302 0
[12/May/2025 05:41:47] "POST /agregar/2/ HTTP/1.1" 302 0
[12/May/2025 05:41:48] "POST /agregar/2/ HTTP/1.1" 302 0
[12/May/2025 05:41:48] "POST /agregar/2/ HTTP/1.1" 302 0
[12/May/2025 05:41:48] "POST /agregar/2/ HTTP/1.1" 302 0
[12/May/2025 05:41:48] "GET / HTTP/1.1" 200 1370
[12/May/2025 05:41:48] "GET /carrito/ HTTP/1.1" 200 1753
[12/May/2025 05:41:52] "POST /comprar/ HTTP/1.1" 302 0
[12/May/2025 05:41:52] "GET / HTTP/1.1" 200 1282
[12/May/2025 05:41:52] "GET /carrito/ HTTP/1.1" 200 1748
[12/May/2025 05:41:52] "GET /media/dinos/trex.jpg HTTP/1.1" 404 179
[12/May/2025 05:41:52] "GET /media/dinos/mosa.jpg HTTP/1.1" 404 179
[12/May/2025 05:41:54] "POST /comprar/ HTTP/1.1" 302 0
[12/May/2025 05:41:54] "GET /carrito/ HTTP/1.1" 200 1748
[12/May/2025 05:41:55] "POST /agregar/2/ HTTP/1.1" 302 0
[12/May/2025 05:41:56] "GET / HTTP/1.1" 200 1282
[12/May/2025 05:41:56] "GET / HTTP/1.1" 200 1365
[12/May/2025 05:41:56] "GET /media/dinos/trex.jpg HTTP/1.1" 404 179
[12/May/2025 05:41:56] "GET /media/dinos/mosa.jpg HTTP/1.1" 404 179
[12/May/2025 05:41:56] "GET /media/dinos/trex.jpg HTTP/1.1" 404 179
[12/May/2025 05:41:56] "GET /media/dinos/mosa.jpg HTTP/1.1" 404 179
[12/May/2025 05:41:57] "GET / HTTP/1.1" 200 1282
[12/May/2025 05:41:58] "GET /media/dinos/trex.jpg HTTP/1.1" 404 179
[12/May/2025 05:41:58] "GET /media/dinos/mosa.jpg HTTP/1.1" 404 179
[12/May/2025 05:41:58] "GET /carrito/ HTTP/1.1" 200 1638
[12/May/2025 05:41:58] "POST /agregar/2/ HTTP/1.1" 302 0
[12/May/2025 05:41:59] "POST /agregar/2/ HTTP/1.1" 302 0
[12/May/2025 05:41:59] "POST /comprar/ HTTP/1.1" 302 0
[12/May/2025 05:41:59] "GET / HTTP/1.1" 200 1359
[12/May/2025 05:41:59] "GET / HTTP/1.1" 200 1370
[12/May/2025 05:41:59] "GET /media/dinos/trex.jpg HTTP/1.1" 404 179
[12/May/2025 05:41:59] "GET /media/dinos/mosa.jpg HTTP/1.1" 404 179
[12/May/2025 05:41:59] "GET /media/dinos/trex.jpg HTTP/1.1" 404 179
[12/May/2025 05:41:59] "GET /media/dinos/mosa.jpg HTTP/1.1" 404 179
[12/May/2025 05:42:01] "GET /carrito/ HTTP/1.1" 200 1639
[12/May/2025 05:42:02] "POST /comprar/ HTTP/1.1" 302 0
[12/May/2025 05:42:03] "POST /comprar/ HTTP/1.1" 302 0
[12/May/2025 05:42:03] "GET /carrito/ HTTP/1.1" 200 1748
[12/May/2025 05:42:04] "POST /comprar/ HTTP/1.1" 302 0
[12/May/2025 05:42:05] "GET /carrito/ HTTP/1.1" 200 1748
[12/May/2025 05:42:07] "GET /eliminar/7/ HTTP/1.1" 302 0
[12/May/2025 05:42:07] "GET /carrito/ HTTP/1.1" 200 1127
[12/May/2025 05:42:10] "GET / HTTP/1.1" 200 1282
[12/May/2025 05:42:10] "GET /media/dinos/trex.jpg HTTP/1.1" 404 179
[12/May/2025 05:42:10] "GET /media/dinos/mosa.jpg HTTP/1.1" 404 179
[12/May/2025 05:43:15] "POST /agregar/1/ HTTP/1.1" 302 0
[12/May/2025 05:43:15] "GET / HTTP/1.1" 200 1361
[12/May/2025 05:43:15] "GET /media/dinos/trex.jpg HTTP/1.1" 404 179
[12/May/2025 05:43:16] "GET /media/dinos/mosa.jpg HTTP/1.1" 404 179
[12/May/2025 05:43:35] "GET /carrito/ HTTP/1.1" 200 1634
[12/May/2025 05:43:53] "POST /comprar/ HTTP/1.1" 302 0
[12/May/2025 05:43:53] "GET / HTTP/1.1" 200 1359
[12/May/2025 05:43:53] "GET /media/dinos/trex.jpg HTTP/1.1" 404 179
[12/May/2025 05:43:53] "GET /media/dinos/mosa.jpg HTTP/1.1" 404 179
[12/May/2025 05:44:09] "GET / HTTP/1.1" 200 1282
[12/May/2025 05:44:09] "GET /media/dinos/trex.jpg HTTP/1.1" 404 179
[12/May/2025 05:44:09] "GET /media/dinos/mosa.jpg HTTP/1.1" 404 179
[12/May/2025 05:44:12] "GET / HTTP/1.1" 200 1282
[12/May/2025 05:44:12] "GET /media/dinos/trex.jpg HTTP/1.1" 404 179
[12/May/2025 05:44:12] "GET /media/dinos/mosa.jpg HTTP/1.1" 404 179
[12/May/2025 05:46:31] "GET / HTTP/1.1" 200 1282
[12/May/2025 05:46:31] "GET /media/dinos/mosa.jpg HTTP/1.1" 404 179
[12/May/2025 05:46:31] "GET /media/dinos/trex.jpg HTTP/1.1" 404 179
[12/May/2025 05:46:33] "GET / HTTP/1.1" 200 1282
[12/May/2025 05:46:33] "GET /media/dinos/mosa.jpg HTTP/1.1" 404 179
[12/May/2025 05:46:33] "GET /media/dinos/trex.jpg HTTP/1.1" 404 179
[12/May/2025 05:46:43] "GET / HTTP/1.1" 200 1284
[12/May/2025 05:46:43] "GET /media/dinos/mosa.jpg HTTP/1.1" 404 179
[12/May/2025 05:46:43] "GET /media/dinos/trex.jpg HTTP/1.1" 404 179
[12/May/2025 05:46:44] "GET / HTTP/1.1" 200 1284
[12/May/2025 05:46:45] "GET /media/dinos/trex.jpg HTTP/1.1" 404 179
[12/May/2025 05:46:45] "GET /media/dinos/mosa.jpg HTTP/1.1" 404 179
[12/May/2025 05:48:51] "GET / HTTP/1.1" 200 1865
[12/May/2025 05:48:51] "GET /media/dinos/mosa.jpg HTTP/1.1" 404 179
[12/May/2025 05:48:51] "GET /media/dinos/trex.jpg HTTP/1.1" 404 179
[12/May/2025 05:48:51] "GET /media/https%3A/ark-unity.com/images/dossiers/magmasaur.webp HTTP/1.1" 404 179
[12/May/2025 05:49:40] "GET / HTTP/1.1" 200 1865
[12/May/2025 05:49:40] "GET /media/dinos/trex.jpg HTTP/1.1" 404 179
[12/May/2025 05:49:40] "GET /media/dinos/mosa.jpg HTTP/1.1" 404 179
[12/May/2025 05:49:40] "GET /media/https%3A/ark-unity.com/images/dossiers/magmasaur.webp HTTP/1.1" 404 179
[12/May/2025 05:51:56] "GET / HTTP/1.1" 200 1867
[12/May/2025 05:51:56] "GET /media/dinos/trex.jpg HTTP/1.1" 404 179
[12/May/2025 05:51:56] "GET /media/dinos/mosa.jpg HTTP/1.1" 404 179
[12/May/2025 05:51:56] "GET /media/https%3A/ark-unity.com/images/dossiers/magmasaur.webp HTTP/1.1" 404 179
[12/May/2025 05:51:59] "GET / HTTP/1.1" 200 1867
[12/May/2025 05:51:59] "GET /media/dinos/mosa.jpg HTTP/1.1" 404 179
[12/May/2025 05:51:59] "GET /media/dinos/trex.jpg HTTP/1.1" 404 179
[12/May/2025 05:51:59] "GET /media/https%3A/ark-unity.com/images/dossiers/magmasaur.webp HTTP/1.1" 404 179
[12/May/2025 05:55:45] "GET / HTTP/1.1" 200 1867
[12/May/2025 05:55:45] "GET /media/dinos/trex.jpg HTTP/1.1" 404 179
[12/May/2025 05:55:45] "GET /media/dinos/mosa.jpg HTTP/1.1" 404 179
[12/May/2025 05:55:46] "GET /media/https%3A/ark-unity.com/images/dossiers/magmasaur.webp HTTP/1.1" 404 179
[12/May/2025 05:57:41] "GET / HTTP/1.1" 200 1867
[12/May/2025 05:57:41] "GET /media/dinos/trex.jpg HTTP/1.1" 404 179
[12/May/2025 05:57:41] "GET /media/dinos/mosa.jpg HTTP/1.1" 404 179
[12/May/2025 05:57:41] "GET /media/https%3A/ark-unity.com/images/dossiers/magmasaur.webp HTTP/1.1" 404 179
[12/May/2025 06:02:42] "GET / HTTP/1.1" 200 1867
[12/May/2025 06:02:42] "GET /media/dinos/trex.jpg HTTP/1.1" 404 179
[12/May/2025 06:02:42] "GET /media/dinos/mosa.jpg HTTP/1.1" 404 179
[12/May/2025 06:02:42] "GET /media/https%3A/ark-unity.com/images/dossiers/magmasaur.webp HTTP/1.1" 404 179
[12/May/2025 06:38:54] "GET / HTTP/1.1" 200 1867
[12/May/2025 06:38:54] "GET /media/dinos/trex.jpg HTTP/1.1" 404 179
[12/May/2025 06:38:55] "GET /media/dinos/mosa.jpg HTTP/1.1" 404 179
[12/May/2025 06:38:55] "GET /media/https%3A/ark-unity.com/images/dossiers/magmasaur.webp HTTP/1.1" 404 179
[12/May/2025 06:39:01] "GET / HTTP/1.1" 200 1867
[12/May/2025 06:39:01] "GET /media/dinos/trex.jpg HTTP/1.1" 404 179
[12/May/2025 06:39:01] "GET /media/dinos/mosa.jpg HTTP/1.1" 404 179
[12/May/2025 06:39:01] "GET /media/https%3A/ark-unity.com/images/dossiers/magmasaur.webp HTTP/1.1" 404 179
[12/May/2025 06:39:03] "GET / HTTP/1.1" 200 1867
[12/May/2025 06:39:03] "GET /media/dinos/mosa.jpg HTTP/1.1" 404 179
[12/May/2025 06:39:03] "GET /media/dinos/trex.jpg HTTP/1.1" 404 179
[12/May/2025 06:39:04] "GET /media/https%3A/ark-unity.com/images/dossiers/magmasaur.webp HTTP/1.1" 404 179
[12/May/2025 06:39:08] "POST /agregar/1/ HTTP/1.1" 302 0
[12/May/2025 06:39:08] "GET / HTTP/1.1" 200 1946
[12/May/2025 06:39:09] "GET /media/dinos/trex.jpg HTTP/1.1" 404 179
[12/May/2025 06:39:09] "GET /media/dinos/mosa.jpg HTTP/1.1" 404 179
[12/May/2025 06:39:09] "GET /media/https%3A/ark-unity.com/images/dossiers/magmasaur.webp HTTP/1.1" 404 179
[12/May/2025 06:39:10] "POST /agregar/1/ HTTP/1.1" 302 0
[12/May/2025 06:39:10] "GET / HTTP/1.1" 200 1946
[12/May/2025 06:39:10] "GET /media/dinos/trex.jpg HTTP/1.1" 404 179
[12/May/2025 06:39:10] "GET /media/dinos/mosa.jpg HTTP/1.1" 404 179
[12/May/2025 06:39:10] "GET /media/https%3A/ark-unity.com/images/dossiers/magmasaur.webp HTTP/1.1" 404 179
[12/May/2025 06:39:14] "GET /carrito/ HTTP/1.1" 200 1634
[12/May/2025 06:39:21] "GET / HTTP/1.1" 200 1867
[12/May/2025 06:39:22] "GET /media/dinos/trex.jpg HTTP/1.1" 404 179
[12/May/2025 06:39:22] "GET /media/dinos/mosa.jpg HTTP/1.1" 404 179
[12/May/2025 06:39:22] "GET /media/https%3A/ark-unity.com/images/dossiers/magmasaur.webp HTTP/1.1" 404 179
[12/May/2025 06:39:25] "GET /carrito/ HTTP/1.1" 200 1634
[12/May/2025 06:39:27] "POST /comprar/ HTTP/1.1" 302 0
[12/May/2025 06:39:27] "GET / HTTP/1.1" 200 1944
[12/May/2025 06:39:28] "GET /media/dinos/trex.jpg HTTP/1.1" 404 179
[12/May/2025 06:39:28] "GET /media/https%3A/ark-unity.com/images/dossiers/magmasaur.webp HTTP/1.1" 404 179
[12/May/2025 06:39:28] "GET /media/dinos/mosa.jpg HTTP/1.1" 404 179
[12/May/2025 07:27:39] "GET /favicon.ico HTTP/1.1" 404 179
[12/May/2025 07:28:46,367] - Broken pipe from ('189.224.252.254', 54526)
